<?xml version="1.0" encoding="UTF-8" ?>
<testsuite failures="0" time="1.754" errors="0" skipped="0" tests="25" name="com.itextpdf.text.pdf.TaggedPdfTest">
  <properties>
[...]
</properties>
  <testcase time="0.195" classname="com.itextpdf.text.pdf.TaggedPdfTest" name="createTaggedPdf1"/>
  <testcase time="0.084" classname="com.itextpdf.text.pdf.TaggedPdfTest" name="createTaggedPdf2"/>
  <testcase time="0.083" classname="com.itextpdf.text.pdf.TaggedPdfTest" name="createTaggedPdf3"/>
  <testcase time="0.022" classname="com.itextpdf.text.pdf.TaggedPdfTest" name="createTaggedPdf4"/>
  <testcase time="0.018" classname="com.itextpdf.text.pdf.TaggedPdfTest" name="createTaggedPdf5"/>
  <testcase time="0.015" classname="com.itextpdf.text.pdf.TaggedPdfTest" name="createTaggedPdf6"/>
  <testcase time="0.112" classname="com.itextpdf.text.pdf.TaggedPdfTest" name="createTaggedPdf7"/>
  <testcase time="0.105" classname="com.itextpdf.text.pdf.TaggedPdfTest" name="createTaggedPdf8"/>
  <testcase time="0.17" classname="com.itextpdf.text.pdf.TaggedPdfTest" name="createTaggedPdf9"/>
  <testcase time="0.009" classname="com.itextpdf.text.pdf.TaggedPdfTest" name="createTaggedPdf0"/>
  <testcase time="0.349" classname="com.itextpdf.text.pdf.TaggedPdfTest" name="createTaggedPdf10"/>
  <testcase time="0.155" classname="com.itextpdf.text.pdf.TaggedPdfTest" name="createTaggedPdf11"/>
  <testcase time="0.16" classname="com.itextpdf.text.pdf.TaggedPdfTest" name="createTaggedPdf12"/>
  <testcase time="0.01" classname="com.itextpdf.text.pdf.TaggedPdfTest" name="createTaggedPdf13"/>
  <testcase time="0.002" classname="com.itextpdf.text.pdf.TaggedPdfTest" name="createTaggedPdf14"/>
  <testcase time="0.005" classname="com.itextpdf.text.pdf.TaggedPdfTest" name="createTaggedPdf15"/>
  <testcase time="0.043" classname="com.itextpdf.text.pdf.TaggedPdfTest" name="createTaggedPdf16"/>
  <testcase time="0.009" classname="com.itextpdf.text.pdf.TaggedPdfTest" name="createTaggedPdf17"/>
  <testcase time="0.022" classname="com.itextpdf.text.pdf.TaggedPdfTest" name="createTaggedPdf18"/>
  <testcase time="0.006" classname="com.itextpdf.text.pdf.TaggedPdfTest" name="createTaggedPdf19"/>
  <testcase time="0.007" classname="com.itextpdf.text.pdf.TaggedPdfTest" name="createTaggedPdf20"/>
  <testcase time="0.002" classname="com.itextpdf.text.pdf.TaggedPdfTest" name="createTaggedPdf21"/>
  <testcase time="0.008" classname="com.itextpdf.text.pdf.TaggedPdfTest" name="createTaggedPdf22"/>
  <testcase time="0.147" classname="com.itextpdf.text.pdf.TaggedPdfTest" name="createTaggedPdf23"/>
  <testcase time="0.006" classname="com.itextpdf.text.pdf.TaggedPdfTest" name="createTaggedPdf24"/>
</testsuite>